This file contains any messages produced by compilers while
running configure, to aid debugging if configure makes a mistake.

It was created by XPilot NG configure 4.7.3, which was
generated by GNU Autoconf 2.72.  Invocation command line was

  $ ./configure --disable-sdl-client --disable-xp-mapedit

## --------- ##
## Platform. ##
## --------- ##

hostname = thinkpad-debian
uname -m = x86_64
uname -r = 6.12.57+deb13-amd64
uname -s = Linux
uname -v = #1 SMP PREEMPT_DYNAMIC Debian 6.12.57-1 (2025-11-05)

/usr/bin/uname -p = unknown
/bin/uname -X     = unknown

/bin/arch              = x86_64
/usr/bin/arch -k       = unknown
/usr/convex/getsysinfo = unknown
/usr/bin/hostinfo      = unknown
/bin/machine           = unknown
/usr/bin/oslevel       = unknown
/bin/universe          = unknown

PATH: /home/kps/kiirakirsikka/bin/
PATH: /home/kps/bin/
PATH: /home/kps/bin/
PATH: /home/kps/kiirakirsikka/bin/
PATH: /home/kps/bin/
PATH: /usr/local/bin/
PATH: /usr/bin/
PATH: /bin/
PATH: /usr/local/games/
PATH: /usr/games/


## ----------- ##
## Core tests. ##
## ----------- ##

configure:2543: looking for aux files: compile missing install-sh config.guess config.sub
configure:2556:  trying ./config/
configure:2585:   ./config/compile found
configure:2585:   ./config/missing found
configure:2567:   ./config/install-sh found
configure:2585:   ./config/config.guess found
configure:2585:   ./config/config.sub found
configure:2710: checking build system type
configure:2726: result: x86_64-unknown-linux-gnu
configure:2746: checking host system type
configure:2761: result: x86_64-unknown-linux-gnu
configure:2781: checking target system type
configure:2796: result: x86_64-unknown-linux-gnu
configure:2840: checking for a BSD-compatible install
configure:2914: result: /usr/bin/install -c
configure:2925: checking whether sleep supports fractional seconds
configure:2941: result: yes
configure:2944: checking filesystem timestamp resolution
configure:3079: result: 0.01
configure:3084: checking whether build environment is sane
configure:3125: result: yes
configure:3170: WARNING: 'missing' script is too old or missing
configure:3296: checking for a race-free mkdir -p
configure:3339: result: /usr/bin/mkdir -p
configure:3346: checking for gawk
configure:3382: result: no
configure:3346: checking for mawk
configure:3367: found /usr/bin/mawk
configure:3379: result: mawk
configure:3390: checking whether make sets $(MAKE)
configure:3414: result: yes
configure:3440: checking whether make supports nested variables
configure:3459: result: yes
configure:3473: checking xargs -n works
configure:3489: result: yes
configure:3588: checking whether to enable maintainer-specific portions of Makefiles
configure:3599: result: no
configure:3626: checking whether make supports the include directive
configure:3641: make -f confmf.GNU && cat confinc.out
this is the am__doit target
configure:3644: $? = 0
configure:3663: result: yes (GNU style)
configure:3740: checking for gcc
configure:3761: found /usr/bin/gcc
configure:3773: result: gcc
configure:4132: checking for C compiler version
configure:4141: gcc --version >&5
gcc (Debian 14.2.0-19) 14.2.0
Copyright (C) 2024 Free Software Foundation, Inc.
This is free software; see the source for copying conditions.  There is NO
warranty; not even for MERCHANTABILITY or FITNESS FOR A PARTICULAR PURPOSE.

configure:4152: $? = 0
configure:4141: gcc -v >&5
Using built-in specs.
COLLECT_GCC=gcc
COLLECT_LTO_WRAPPER=/usr/libexec/gcc/x86_64-linux-gnu/14/lto-wrapper
OFFLOAD_TARGET_NAMES=nvptx-none:amdgcn-amdhsa
OFFLOAD_TARGET_DEFAULT=1
Target: x86_64-linux-gnu
Configured with: ../src/configure -v --with-pkgversion='Debian 14.2.0-19' --with-bugurl=file:///usr/share/doc/gcc-14/README.Bugs --enable-languages=c,ada,c++,go,d,fortran,objc,obj-c++,m2,rust --prefix=/usr --with-gcc-major-version-only --program-suffix=-14 --program-prefix=x86_64-linux-gnu- --enable-shared --enable-linker-build-id --libexecdir=/usr/libexec --without-included-gettext --enable-threads=posix --libdir=/usr/lib --enable-nls --enable-bootstrap --enable-clocale=gnu --enable-libstdcxx-debug --enable-libstdcxx-time=yes --with-default-libstdcxx-abi=new --enable-libstdcxx-backtrace --enable-gnu-unique-object --disable-vtable-verify --enable-plugin --enable-default-pie --with-system-zlib --enable-libphobos-checking=release --with-target-system-zlib=auto --enable-objc-gc=auto --enable-multiarch --disable-werror --enable-cet --with-arch-32=i686 --with-abi=m64 --with-multilib-list=m32,m64,mx32 --enable-multilib --with-tune=generic --enable-offload-targets=nvptx-none=/build/reproducible-path/gcc-14-14.2.0/debian/tmp-nvptx/usr,amdgcn-amdhsa=/build/reproducible-path/gcc-14-14.2.0/debian/tmp-gcn/usr --enable-offload-defaulted --without-cuda-driver --enable-checking=release --build=x86_64-linux-gnu --host=x86_64-linux-gnu --target=x86_64-linux-gnu --with-build-config=bootstrap-lto-lean --enable-link-serialization=3
Thread model: posix
Supported LTO compression algorithms: zlib zstd
gcc version 14.2.0 (Debian 14.2.0-19) 
... rest of stderr output deleted ...
configure:4152: $? = 0
configure:4141: gcc -V >&5
gcc: error: unrecognized command-line option '-V'
gcc: fatal error: no input files
compilation terminated.
configure:4152: $? = 1
configure:4141: gcc -qversion >&5
gcc: error: unrecognized command-line option '-qversion'; did you mean '--version'?
gcc: fatal error: no input files
compilation terminated.
configure:4152: $? = 1
configure:4141: gcc -version >&5
gcc: error: unrecognized command-line option '-version'
gcc: fatal error: no input files
compilation terminated.
configure:4152: $? = 1
configure:4172: checking whether the C compiler works
configure:4194: gcc    conftest.c  >&5
configure:4198: $? = 0
configure:4249: result: yes
configure:4253: checking for C compiler default output file name
configure:4255: result: a.out
configure:4261: checking for suffix of executables
configure:4268: gcc -o conftest    conftest.c  >&5
configure:4272: $? = 0
configure:4296: result: 
configure:4320: checking whether we are cross compiling
configure:4328: gcc -o conftest    conftest.c  >&5
configure:4332: $? = 0
configure:4339: ./conftest
configure:4343: $? = 0
configure:4358: result: no
configure:4364: checking for suffix of object files
configure:4387: gcc -c   conftest.c >&5
configure:4391: $? = 0
configure:4415: result: o
configure:4419: checking whether the compiler supports GNU C
configure:4439: gcc -c   conftest.c >&5
configure:4439: $? = 0
configure:4451: result: yes
configure:4462: checking whether gcc accepts -g
configure:4483: gcc -c -g  conftest.c >&5
configure:4483: $? = 0
configure:4530: result: yes
configure:4550: checking for gcc option to enable C11 features
configure:4565: gcc  -c -g -O2  conftest.c >&5
configure:4565: $? = 0
configure:4584: result: none needed
configure:4708: checking whether gcc understands -c and -o together
configure:4731: gcc -c conftest.c -o conftest2.o
configure:4734: $? = 0
configure:4731: gcc -c conftest.c -o conftest2.o
configure:4734: $? = 0
configure:4747: result: yes
configure:4766: checking dependency style of gcc
configure:4879: result: gcc3
configure:4899: checking for stdio.h
configure:4899: gcc -c -g -O2  conftest.c >&5
configure:4899: $? = 0
configure:4899: result: yes
configure:4899: checking for stdlib.h
configure:4899: gcc -c -g -O2  conftest.c >&5
configure:4899: $? = 0
configure:4899: result: yes
configure:4899: checking for string.h
configure:4899: gcc -c -g -O2  conftest.c >&5
configure:4899: $? = 0
configure:4899: result: yes
configure:4899: checking for inttypes.h
configure:4899: gcc -c -g -O2  conftest.c >&5
configure:4899: $? = 0
configure:4899: result: yes
configure:4899: checking for stdint.h
configure:4899: gcc -c -g -O2  conftest.c >&5
configure:4899: $? = 0
configure:4899: result: yes
configure:4899: checking for strings.h
configure:4899: gcc -c -g -O2  conftest.c >&5
configure:4899: $? = 0
configure:4899: result: yes
configure:4899: checking for sys/stat.h
configure:4899: gcc -c -g -O2  conftest.c >&5
configure:4899: $? = 0
configure:4899: result: yes
configure:4899: checking for sys/types.h
configure:4899: gcc -c -g -O2  conftest.c >&5
configure:4899: $? = 0
configure:4899: result: yes
configure:4899: checking for unistd.h
configure:4899: gcc -c -g -O2  conftest.c >&5
configure:4899: $? = 0
configure:4899: result: yes
configure:4899: checking for wchar.h
configure:4899: gcc -c -g -O2  conftest.c >&5
configure:4899: $? = 0
configure:4899: result: yes
configure:4899: checking for minix/config.h
configure:4899: gcc -c -g -O2  conftest.c >&5
conftest.c:49:10: fatal error: minix/config.h: No such file or directory
   49 | #include <minix/config.h>
      |          ^~~~~~~~~~~~~~~~
compilation terminated.
configure:4899: $? = 1
configure: failed program was:
| /* confdefs.h */
| #define PACKAGE_NAME "XPilot NG"
| #define PACKAGE_TARNAME "xpilot-ng"
| #define PACKAGE_VERSION "4.7.3"
| #define PACKAGE_STRING "XPilot NG 4.7.3"
| #define PACKAGE_BUGREPORT "xpilot-hacks@lists.sourceforge.net"
| #define PACKAGE_URL ""
| #define PACKAGE "xpilot-ng"
| #define VERSION "4.7.3"
| #define HAVE_STDIO_H 1
| #define HAVE_STDLIB_H 1
| #define HAVE_STRING_H 1
| #define HAVE_INTTYPES_H 1
| #define HAVE_STDINT_H 1
| #define HAVE_STRINGS_H 1
| #define HAVE_SYS_STAT_H 1
| #define HAVE_SYS_TYPES_H 1
| #define HAVE_UNISTD_H 1
| #define HAVE_WCHAR_H 1
| /* end confdefs.h.  */
| #include <stddef.h>
| #ifdef HAVE_STDIO_H
| # include <stdio.h>
| #endif
| #ifdef HAVE_STDLIB_H
| # include <stdlib.h>
| #endif
| #ifdef HAVE_STRING_H
| # include <string.h>
| #endif
| #ifdef HAVE_INTTYPES_H
| # include <inttypes.h>
| #endif
| #ifdef HAVE_STDINT_H
| # include <stdint.h>
| #endif
| #ifdef HAVE_STRINGS_H
| # include <strings.h>
| #endif
| #ifdef HAVE_SYS_TYPES_H
| # include <sys/types.h>
| #endif
| #ifdef HAVE_SYS_STAT_H
| # include <sys/stat.h>
| #endif
| #ifdef HAVE_UNISTD_H
| # include <unistd.h>
| #endif
| #include <minix/config.h>
configure:4899: result: no
configure:4899: checking for sys/select.h
configure:4899: gcc -c -g -O2  conftest.c >&5
configure:4899: $? = 0
configure:4899: result: yes
configure:4899: checking for sys/socket.h
configure:4899: gcc -c -g -O2  conftest.c >&5
configure:4899: $? = 0
configure:4899: result: yes
configure:4930: checking whether it is safe to define __EXTENSIONS__
configure:4949: gcc -c -g -O2  conftest.c >&5
configure:4949: $? = 0
configure:4959: result: yes
configure:4962: checking whether _XOPEN_SOURCE should be defined
configure:4984: gcc -c -g -O2  conftest.c >&5
configure:4984: $? = 0
configure:5013: result: no
configure:5258: checking for gcc
configure:5291: result: gcc
configure:5650: checking for C compiler version
configure:5659: gcc --version >&5
gcc (Debian 14.2.0-19) 14.2.0
Copyright (C) 2024 Free Software Foundation, Inc.
This is free software; see the source for copying conditions.  There is NO
warranty; not even for MERCHANTABILITY or FITNESS FOR A PARTICULAR PURPOSE.

configure:5670: $? = 0
configure:5659: gcc -v >&5
Using built-in specs.
COLLECT_GCC=gcc
COLLECT_LTO_WRAPPER=/usr/libexec/gcc/x86_64-linux-gnu/14/lto-wrapper
OFFLOAD_TARGET_NAMES=nvptx-none:amdgcn-amdhsa
OFFLOAD_TARGET_DEFAULT=1
Target: x86_64-linux-gnu
Configured with: ../src/configure -v --with-pkgversion='Debian 14.2.0-19' --with-bugurl=file:///usr/share/doc/gcc-14/README.Bugs --enable-languages=c,ada,c++,go,d,fortran,objc,obj-c++,m2,rust --prefix=/usr --with-gcc-major-version-only --program-suffix=-14 --program-prefix=x86_64-linux-gnu- --enable-shared --enable-linker-build-id --libexecdir=/usr/libexec --without-included-gettext --enable-threads=posix --libdir=/usr/lib --enable-nls --enable-bootstrap --enable-clocale=gnu --enable-libstdcxx-debug --enable-libstdcxx-time=yes --with-default-libstdcxx-abi=new --enable-libstdcxx-backtrace --enable-gnu-unique-object --disable-vtable-verify --enable-plugin --enable-default-pie --with-system-zlib --enable-libphobos-checking=release --with-target-system-zlib=auto --enable-objc-gc=auto --enable-multiarch --disable-werror --enable-cet --with-arch-32=i686 --with-abi=m64 --with-multilib-list=m32,m64,mx32 --enable-multilib --with-tune=generic --enable-offload-targets=nvptx-none=/build/reproducible-path/gcc-14-14.2.0/debian/tmp-nvptx/usr,amdgcn-amdhsa=/build/reproducible-path/gcc-14-14.2.0/debian/tmp-gcn/usr --enable-offload-defaulted --without-cuda-driver --enable-checking=release --build=x86_64-linux-gnu --host=x86_64-linux-gnu --target=x86_64-linux-gnu --with-build-config=bootstrap-lto-lean --enable-link-serialization=3
Thread model: posix
Supported LTO compression algorithms: zlib zstd
gcc version 14.2.0 (Debian 14.2.0-19) 
... rest of stderr output deleted ...
configure:5670: $? = 0
configure:5659: gcc -V >&5
gcc: error: unrecognized command-line option '-V'
gcc: fatal error: no input files
compilation terminated.
configure:5670: $? = 1
configure:5659: gcc -qversion >&5
gcc: error: unrecognized command-line option '-qversion'; did you mean '--version'?
gcc: fatal error: no input files
compilation terminated.
configure:5670: $? = 1
configure:5659: gcc -version >&5
gcc: error: unrecognized command-line option '-version'
gcc: fatal error: no input files
compilation terminated.
configure:5670: $? = 1
configure:5674: checking whether the compiler supports GNU C
configure:5706: result: yes
configure:5717: checking whether gcc accepts -g
configure:5785: result: yes
configure:5805: checking for gcc option to enable C11 features
configure:5839: result: none needed
configure:5963: checking whether gcc understands -c and -o together
configure:6002: result: yes
configure:6021: checking dependency style of gcc
configure:6134: result: gcc3
configure:6149: checking whether make sets $(MAKE)
configure:6173: result: yes
configure:6231: checking for ranlib
configure:6252: found /usr/bin/ranlib
configure:6264: result: ranlib
configure:6288: checking for cos in -lm
configure:6317: gcc -o conftest -g -O2   conftest.c -lm   >&5
conftest.c:51:6: warning: conflicting types for built-in function 'cos'; expected 'double(double)' [-Wbuiltin-declaration-mismatch]
   51 | char cos (void);
      |      ^~~
conftest.c:1:1: note: 'cos' is declared in header '<math.h>'
    1 | /* confdefs.h */
configure:6317: $? = 0
configure:6329: result: yes
configure:6342: checking for gzopen in -lz
configure:6371: gcc -o conftest -g -O2   conftest.c -lz  -lm  >&5
configure:6371: $? = 0
configure:6383: result: yes
configure:6396: checking for XML_ParserCreate in -lexpat
configure:6425: gcc -o conftest -g -O2   conftest.c -lexpat  -lz -lm  >&5
configure:6425: $? = 0
configure:6437: result: yes
configure:6503: checking how to run the C preprocessor
configure:6529: gcc -E  conftest.c
configure:6529: $? = 0
configure:6545: gcc -E  conftest.c
conftest.c:44:10: fatal error: ac_nonexistent.h: No such file or directory
   44 | #include <ac_nonexistent.h>
      |          ^~~~~~~~~~~~~~~~~~
compilation terminated.
configure:6545: $? = 1
configure: failed program was:
| /* confdefs.h */
| #define PACKAGE_NAME "XPilot NG"
| #define PACKAGE_TARNAME "xpilot-ng"
| #define PACKAGE_VERSION "4.7.3"
| #define PACKAGE_STRING "XPilot NG 4.7.3"
| #define PACKAGE_BUGREPORT "xpilot-hacks@lists.sourceforge.net"
| #define PACKAGE_URL ""
| #define PACKAGE "xpilot-ng"
| #define VERSION "4.7.3"
| #define HAVE_STDIO_H 1
| #define HAVE_STDLIB_H 1
| #define HAVE_STRING_H 1
| #define HAVE_INTTYPES_H 1
| #define HAVE_STDINT_H 1
| #define HAVE_STRINGS_H 1
| #define HAVE_SYS_STAT_H 1
| #define HAVE_SYS_TYPES_H 1
| #define HAVE_UNISTD_H 1
| #define HAVE_WCHAR_H 1
| #define HAVE_SYS_SELECT_H 1
| #define HAVE_SYS_SOCKET_H 1
| #define STDC_HEADERS 1
| #define _ALL_SOURCE 1
| #define _DARWIN_C_SOURCE 1
| #define _GNU_SOURCE 1
| #define _HPUX_ALT_XOPEN_SOCKET_API 1
| #define _NETBSD_SOURCE 1
| #define _OPENBSD_SOURCE 1
| #define _POSIX_PTHREAD_SEMANTICS 1
| #define __STDC_WANT_IEC_60559_ATTRIBS_EXT__ 1
| #define __STDC_WANT_IEC_60559_BFP_EXT__ 1
| #define __STDC_WANT_IEC_60559_DFP_EXT__ 1
| #define __STDC_WANT_IEC_60559_EXT__ 1
| #define __STDC_WANT_IEC_60559_FUNCS_EXT__ 1
| #define __STDC_WANT_IEC_60559_TYPES_EXT__ 1
| #define __STDC_WANT_LIB_EXT2__ 1
| #define __STDC_WANT_MATH_SPEC_FUNCS__ 1
| #define _TANDEM_SOURCE 1
| #define __EXTENSIONS__ 1
| #define HAVE_LIBM 1
| #define HAVE_LIBZ 1
| #define HAVE_LIBEXPAT 1
| /* end confdefs.h.  */
| #include <ac_nonexistent.h>
configure:6574: result: gcc -E
configure:6588: gcc -E  conftest.c
configure:6588: $? = 0
configure:6604: gcc -E  conftest.c
conftest.c:44:10: fatal error: ac_nonexistent.h: No such file or directory
   44 | #include <ac_nonexistent.h>
      |          ^~~~~~~~~~~~~~~~~~
compilation terminated.
configure:6604: $? = 1
configure: failed program was:
| /* confdefs.h */
| #define PACKAGE_NAME "XPilot NG"
| #define PACKAGE_TARNAME "xpilot-ng"
| #define PACKAGE_VERSION "4.7.3"
| #define PACKAGE_STRING "XPilot NG 4.7.3"
| #define PACKAGE_BUGREPORT "xpilot-hacks@lists.sourceforge.net"
| #define PACKAGE_URL ""
| #define PACKAGE "xpilot-ng"
| #define VERSION "4.7.3"
| #define HAVE_STDIO_H 1
| #define HAVE_STDLIB_H 1
| #define HAVE_STRING_H 1
| #define HAVE_INTTYPES_H 1
| #define HAVE_STDINT_H 1
| #define HAVE_STRINGS_H 1
| #define HAVE_SYS_STAT_H 1
| #define HAVE_SYS_TYPES_H 1
| #define HAVE_UNISTD_H 1
| #define HAVE_WCHAR_H 1
| #define HAVE_SYS_SELECT_H 1
| #define HAVE_SYS_SOCKET_H 1
| #define STDC_HEADERS 1
| #define _ALL_SOURCE 1
| #define _DARWIN_C_SOURCE 1
| #define _GNU_SOURCE 1
| #define _HPUX_ALT_XOPEN_SOCKET_API 1
| #define _NETBSD_SOURCE 1
| #define _OPENBSD_SOURCE 1
| #define _POSIX_PTHREAD_SEMANTICS 1
| #define __STDC_WANT_IEC_60559_ATTRIBS_EXT__ 1
| #define __STDC_WANT_IEC_60559_BFP_EXT__ 1
| #define __STDC_WANT_IEC_60559_DFP_EXT__ 1
| #define __STDC_WANT_IEC_60559_EXT__ 1
| #define __STDC_WANT_IEC_60559_FUNCS_EXT__ 1
| #define __STDC_WANT_IEC_60559_TYPES_EXT__ 1
| #define __STDC_WANT_LIB_EXT2__ 1
| #define __STDC_WANT_MATH_SPEC_FUNCS__ 1
| #define _TANDEM_SOURCE 1
| #define __EXTENSIONS__ 1
| #define HAVE_LIBM 1
| #define HAVE_LIBZ 1
| #define HAVE_LIBEXPAT 1
| /* end confdefs.h.  */
| #include <ac_nonexistent.h>
configure:6637: checking for X
configure:6675: gcc -o conftest -g -O2   conftest.c -lX11 -lexpat -lz -lm  >&5
configure:6675: $? = 0
configure:6865: result: libraries , headers 
configure:6981: gcc -o conftest -g -O2   conftest.c -lexpat -lz -lm   -lX11 >&5
configure:6981: $? = 0
configure:7097: checking for gethostbyname
configure:7097: gcc -o conftest -g -O2   conftest.c -lexpat -lz -lm  >&5
configure:7097: $? = 0
configure:7097: result: yes
configure:7211: checking for connect
configure:7211: gcc -o conftest -g -O2   conftest.c -lexpat -lz -lm  >&5
configure:7211: $? = 0
configure:7211: result: yes
configure:7269: checking for remove
configure:7269: gcc -o conftest -g -O2   conftest.c -lexpat -lz -lm  >&5
configure:7269: $? = 0
configure:7269: result: yes
configure:7327: checking for shmat
configure:7327: gcc -o conftest -g -O2   conftest.c -lexpat -lz -lm  >&5
configure:7327: $? = 0
configure:7327: result: yes
configure:7394: checking for IceConnectionNumber in -lICE
configure:7423: gcc -o conftest -g -O2   conftest.c -lICE  -lexpat -lz -lm  >&5
configure:7423: $? = 0
configure:7435: result: yes
configure:7447: checking for xf86misc extensions
configure:7464: gcc -c -g -O2  conftest.c >&5
conftest.c:47:10: fatal error: X11/extensions/xf86misc.h: No such file or directory
   47 | #include <X11/extensions/xf86misc.h>
      |          ^~~~~~~~~~~~~~~~~~~~~~~~~~~
compilation terminated.
configure:7464: $? = 1
configure: failed program was:
| /* confdefs.h */
| #define PACKAGE_NAME "XPilot NG"
| #define PACKAGE_TARNAME "xpilot-ng"
| #define PACKAGE_VERSION "4.7.3"
| #define PACKAGE_STRING "XPilot NG 4.7.3"
| #define PACKAGE_BUGREPORT "xpilot-hacks@lists.sourceforge.net"
| #define PACKAGE_URL ""
| #define PACKAGE "xpilot-ng"
| #define VERSION "4.7.3"
| #define HAVE_STDIO_H 1
| #define HAVE_STDLIB_H 1
| #define HAVE_STRING_H 1
| #define HAVE_INTTYPES_H 1
| #define HAVE_STDINT_H 1
| #define HAVE_STRINGS_H 1
| #define HAVE_SYS_STAT_H 1
| #define HAVE_SYS_TYPES_H 1
| #define HAVE_UNISTD_H 1
| #define HAVE_WCHAR_H 1
| #define HAVE_SYS_SELECT_H 1
| #define HAVE_SYS_SOCKET_H 1
| #define STDC_HEADERS 1
| #define _ALL_SOURCE 1
| #define _DARWIN_C_SOURCE 1
| #define _GNU_SOURCE 1
| #define _HPUX_ALT_XOPEN_SOCKET_API 1
| #define _NETBSD_SOURCE 1
| #define _OPENBSD_SOURCE 1
| #define _POSIX_PTHREAD_SEMANTICS 1
| #define __STDC_WANT_IEC_60559_ATTRIBS_EXT__ 1
| #define __STDC_WANT_IEC_60559_BFP_EXT__ 1
| #define __STDC_WANT_IEC_60559_DFP_EXT__ 1
| #define __STDC_WANT_IEC_60559_EXT__ 1
| #define __STDC_WANT_IEC_60559_FUNCS_EXT__ 1
| #define __STDC_WANT_IEC_60559_TYPES_EXT__ 1
| #define __STDC_WANT_LIB_EXT2__ 1
| #define __STDC_WANT_MATH_SPEC_FUNCS__ 1
| #define _TANDEM_SOURCE 1
| #define __EXTENSIONS__ 1
| #define HAVE_LIBM 1
| #define HAVE_LIBZ 1
| #define HAVE_LIBEXPAT 1
| /* end confdefs.h.  */
| 
| #include <X11/X.h>
| #include <X11/Xlib.h>
| #include <X11/extensions/xf86misc.h>
| 
| int
| main (void)
| {
| return 0;
|   ;
|   return 0;
| }
configure:7473: result: no
configure:7708: checking for arpa/inet.h
configure:7708: gcc -c -g -O2  conftest.c >&5
configure:7708: $? = 0
configure:7708: result: yes
configure:7714: checking for arpa/nameser.h
configure:7714: gcc -c -g -O2  conftest.c >&5
configure:7714: $? = 0
configure:7714: result: yes
configure:7720: checking for assert.h
configure:7720: gcc -c -g -O2  conftest.c >&5
configure:7720: $? = 0
configure:7720: result: yes
configure:7726: checking for bstring.h
configure:7726: gcc -c -g -O2  conftest.c >&5
conftest.c:77:10: fatal error: bstring.h: No such file or directory
   77 | #include <bstring.h>
      |          ^~~~~~~~~~~
compilation terminated.
configure:7726: $? = 1
configure: failed program was:
| /* confdefs.h */
| #define PACKAGE_NAME "XPilot NG"
| #define PACKAGE_TARNAME "xpilot-ng"
| #define PACKAGE_VERSION "4.7.3"
| #define PACKAGE_STRING "XPilot NG 4.7.3"
| #define PACKAGE_BUGREPORT "xpilot-hacks@lists.sourceforge.net"
| #define PACKAGE_URL ""
| #define PACKAGE "xpilot-ng"
| #define VERSION "4.7.3"
| #define HAVE_STDIO_H 1
| #define HAVE_STDLIB_H 1
| #define HAVE_STRING_H 1
| #define HAVE_INTTYPES_H 1
| #define HAVE_STDINT_H 1
| #define HAVE_STRINGS_H 1
| #define HAVE_SYS_STAT_H 1
| #define HAVE_SYS_TYPES_H 1
| #define HAVE_UNISTD_H 1
| #define HAVE_WCHAR_H 1
| #define HAVE_SYS_SELECT_H 1
| #define HAVE_SYS_SOCKET_H 1
| #define STDC_HEADERS 1
| #define _ALL_SOURCE 1
| #define _DARWIN_C_SOURCE 1
| #define _GNU_SOURCE 1
| #define _HPUX_ALT_XOPEN_SOCKET_API 1
| #define _NETBSD_SOURCE 1
| #define _OPENBSD_SOURCE 1
| #define _POSIX_PTHREAD_SEMANTICS 1
| #define __STDC_WANT_IEC_60559_ATTRIBS_EXT__ 1
| #define __STDC_WANT_IEC_60559_BFP_EXT__ 1
| #define __STDC_WANT_IEC_60559_DFP_EXT__ 1
| #define __STDC_WANT_IEC_60559_EXT__ 1
| #define __STDC_WANT_IEC_60559_FUNCS_EXT__ 1
| #define __STDC_WANT_IEC_60559_TYPES_EXT__ 1
| #define __STDC_WANT_LIB_EXT2__ 1
| #define __STDC_WANT_MATH_SPEC_FUNCS__ 1
| #define _TANDEM_SOURCE 1
| #define __EXTENSIONS__ 1
| #define HAVE_LIBM 1
| #define HAVE_LIBZ 1
| #define HAVE_LIBEXPAT 1
| #define X11_CLIENT 1
| #define REPLAY 1
| #define HAVE_ARPA_INET_H 1
| #define HAVE_ARPA_NAMESER_H 1
| #define HAVE_ASSERT_H 1
| /* end confdefs.h.  */
| #include <stddef.h>
| #ifdef HAVE_STDIO_H
| # include <stdio.h>
| #endif
| #ifdef HAVE_STDLIB_H
| # include <stdlib.h>
| #endif
| #ifdef HAVE_STRING_H
| # include <string.h>
| #endif
| #ifdef HAVE_INTTYPES_H
| # include <inttypes.h>
| #endif
| #ifdef HAVE_STDINT_H
| # include <stdint.h>
| #endif
| #ifdef HAVE_STRINGS_H
| # include <strings.h>
| #endif
| #ifdef HAVE_SYS_TYPES_H
| # include <sys/types.h>
| #endif
| #ifdef HAVE_SYS_STAT_H
| # include <sys/stat.h>
| #endif
| #ifdef HAVE_UNISTD_H
| # include <unistd.h>
| #endif
| #include <bstring.h>
configure:7726: result: no
configure:7732: checking for ctype.h
configure:7732: gcc -c -g -O2  conftest.c >&5
configure:7732: $? = 0
configure:7732: result: yes
configure:7738: checking for errno.h
configure:7738: gcc -c -g -O2  conftest.c >&5
configure:7738: $? = 0
configure:7738: result: yes
configure:7744: checking for fcntl.h
configure:7744: gcc -c -g -O2  conftest.c >&5
configure:7744: $? = 0
configure:7744: result: yes
configure:7750: checking for float.h
configure:7750: gcc -c -g -O2  conftest.c >&5
configure:7750: $? = 0
configure:7750: result: yes
configure:7756: checking for limits.h
configure:7756: gcc -c -g -O2  conftest.c >&5
configure:7756: $? = 0
configure:7756: result: yes
configure:7762: checking for math.h
configure:7762: gcc -c -g -O2  conftest.c >&5
configure:7762: $? = 0
configure:7762: result: yes
configure:7768: checking for net/if.h
configure:7768: gcc -c -g -O2  conftest.c >&5
configure:7768: $? = 0
configure:7768: result: yes
configure:7774: checking for netdb.h
configure:7774: gcc -c -g -O2  conftest.c >&5
configure:7774: $? = 0
configure:7774: result: yes
configure:7780: checking for netinet/in.h
configure:7780: gcc -c -g -O2  conftest.c >&5
configure:7780: $? = 0
configure:7780: result: yes
configure:7786: checking for netinet/tcp.h
configure:7786: gcc -c -g -O2  conftest.c >&5
configure:7786: $? = 0
configure:7786: result: yes
configure:7792: checking for pwd.h
configure:7792: gcc -c -g -O2  conftest.c >&5
configure:7792: $? = 0
configure:7792: result: yes
configure:7798: checking for resolv.h
configure:7798: gcc -c -g -O2  conftest.c >&5
configure:7798: $? = 0
configure:7798: result: yes
configure:7804: checking for setjmp.h
configure:7804: gcc -c -g -O2  conftest.c >&5
configure:7804: $? = 0
configure:7804: result: yes
configure:7810: checking for signal.h
configure:7810: gcc -c -g -O2  conftest.c >&5
configure:7810: $? = 0
configure:7810: result: yes
configure:7816: checking for stdarg.h
configure:7816: gcc -c -g -O2  conftest.c >&5
configure:7816: $? = 0
configure:7816: result: yes
configure:7822: checking for stddef.h
configure:7822: gcc -c -g -O2  conftest.c >&5
configure:7822: $? = 0
configure:7822: result: yes
configure:7828: checking for sys/file.h
configure:7828: gcc -c -g -O2  conftest.c >&5
configure:7828: $? = 0
configure:7828: result: yes
configure:7834: checking for sys/filio.h
configure:7834: gcc -c -g -O2  conftest.c >&5
conftest.c:94:10: fatal error: sys/filio.h: No such file or directory
   94 | #include <sys/filio.h>
      |          ^~~~~~~~~~~~~
compilation terminated.
configure:7834: $? = 1
configure: failed program was:
| /* confdefs.h */
| #define PACKAGE_NAME "XPilot NG"
| #define PACKAGE_TARNAME "xpilot-ng"
| #define PACKAGE_VERSION "4.7.3"
| #define PACKAGE_STRING "XPilot NG 4.7.3"
| #define PACKAGE_BUGREPORT "xpilot-hacks@lists.sourceforge.net"
| #define PACKAGE_URL ""
| #define PACKAGE "xpilot-ng"
| #define VERSION "4.7.3"
| #define HAVE_STDIO_H 1
| #define HAVE_STDLIB_H 1
| #define HAVE_STRING_H 1
| #define HAVE_INTTYPES_H 1
| #define HAVE_STDINT_H 1
| #define HAVE_STRINGS_H 1
| #define HAVE_SYS_STAT_H 1
| #define HAVE_SYS_TYPES_H 1
| #define HAVE_UNISTD_H 1
| #define HAVE_WCHAR_H 1
| #define HAVE_SYS_SELECT_H 1
| #define HAVE_SYS_SOCKET_H 1
| #define STDC_HEADERS 1
| #define _ALL_SOURCE 1
| #define _DARWIN_C_SOURCE 1
| #define _GNU_SOURCE 1
| #define _HPUX_ALT_XOPEN_SOCKET_API 1
| #define _NETBSD_SOURCE 1
| #define _OPENBSD_SOURCE 1
| #define _POSIX_PTHREAD_SEMANTICS 1
| #define __STDC_WANT_IEC_60559_ATTRIBS_EXT__ 1
| #define __STDC_WANT_IEC_60559_BFP_EXT__ 1
| #define __STDC_WANT_IEC_60559_DFP_EXT__ 1
| #define __STDC_WANT_IEC_60559_EXT__ 1
| #define __STDC_WANT_IEC_60559_FUNCS_EXT__ 1
| #define __STDC_WANT_IEC_60559_TYPES_EXT__ 1
| #define __STDC_WANT_LIB_EXT2__ 1
| #define __STDC_WANT_MATH_SPEC_FUNCS__ 1
| #define _TANDEM_SOURCE 1
| #define __EXTENSIONS__ 1
| #define HAVE_LIBM 1
| #define HAVE_LIBZ 1
| #define HAVE_LIBEXPAT 1
| #define X11_CLIENT 1
| #define REPLAY 1
| #define HAVE_ARPA_INET_H 1
| #define HAVE_ARPA_NAMESER_H 1
| #define HAVE_ASSERT_H 1
| #define HAVE_CTYPE_H 1
| #define HAVE_ERRNO_H 1
| #define HAVE_FCNTL_H 1
| #define HAVE_FLOAT_H 1
| #define HAVE_LIMITS_H 1
| #define HAVE_MATH_H 1
| #define HAVE_NET_IF_H 1
| #define HAVE_NETDB_H 1
| #define HAVE_NETINET_IN_H 1
| #define HAVE_NETINET_TCP_H 1
| #define HAVE_PWD_H 1
| #define HAVE_RESOLV_H 1
| #define HAVE_SETJMP_H 1
| #define HAVE_SIGNAL_H 1
| #define HAVE_STDARG_H 1
| #define HAVE_STDDEF_H 1
| #define HAVE_SYS_FILE_H 1
| /* end confdefs.h.  */
| #include <stddef.h>
| #ifdef HAVE_STDIO_H
| # include <stdio.h>
| #endif
| #ifdef HAVE_STDLIB_H
| # include <stdlib.h>
| #endif
| #ifdef HAVE_STRING_H
| # include <string.h>
| #endif
| #ifdef HAVE_INTTYPES_H
| # include <inttypes.h>
| #endif
| #ifdef HAVE_STDINT_H
| # include <stdint.h>
| #endif
| #ifdef HAVE_STRINGS_H
| # include <strings.h>
| #endif
| #ifdef HAVE_SYS_TYPES_H
| # include <sys/types.h>
| #endif
| #ifdef HAVE_SYS_STAT_H
| # include <sys/stat.h>
| #endif
| #ifdef HAVE_UNISTD_H
| # include <unistd.h>
| #endif
| #include <sys/filio.h>
configure:7834: result: no
configure:7840: checking for sys/fcntl.h
configure:7840: gcc -c -g -O2  conftest.c >&5
configure:7840: $? = 0
configure:7840: result: yes
configure:7846: checking for sys/inttypes.h
configure:7846: gcc -c -g -O2  conftest.c >&5
conftest.c:95:10: fatal error: sys/inttypes.h: No such file or directory
   95 | #include <sys/inttypes.h>
      |          ^~~~~~~~~~~~~~~~
compilation terminated.
configure:7846: $? = 1
configure: failed program was:
| /* confdefs.h */
| #define PACKAGE_NAME "XPilot NG"
| #define PACKAGE_TARNAME "xpilot-ng"
| #define PACKAGE_VERSION "4.7.3"
| #define PACKAGE_STRING "XPilot NG 4.7.3"
| #define PACKAGE_BUGREPORT "xpilot-hacks@lists.sourceforge.net"
| #define PACKAGE_URL ""
| #define PACKAGE "xpilot-ng"
| #define VERSION "4.7.3"
| #define HAVE_STDIO_H 1
| #define HAVE_STDLIB_H 1
| #define HAVE_STRING_H 1
| #define HAVE_INTTYPES_H 1
| #define HAVE_STDINT_H 1
| #define HAVE_STRINGS_H 1
| #define HAVE_SYS_STAT_H 1
| #define HAVE_SYS_TYPES_H 1
| #define HAVE_UNISTD_H 1
| #define HAVE_WCHAR_H 1
| #define HAVE_SYS_SELECT_H 1
| #define HAVE_SYS_SOCKET_H 1
| #define STDC_HEADERS 1
| #define _ALL_SOURCE 1
| #define _DARWIN_C_SOURCE 1
| #define _GNU_SOURCE 1
| #define _HPUX_ALT_XOPEN_SOCKET_API 1
| #define _NETBSD_SOURCE 1
| #define _OPENBSD_SOURCE 1
| #define _POSIX_PTHREAD_SEMANTICS 1
| #define __STDC_WANT_IEC_60559_ATTRIBS_EXT__ 1
| #define __STDC_WANT_IEC_60559_BFP_EXT__ 1
| #define __STDC_WANT_IEC_60559_DFP_EXT__ 1
| #define __STDC_WANT_IEC_60559_EXT__ 1
| #define __STDC_WANT_IEC_60559_FUNCS_EXT__ 1
| #define __STDC_WANT_IEC_60559_TYPES_EXT__ 1
| #define __STDC_WANT_LIB_EXT2__ 1
| #define __STDC_WANT_MATH_SPEC_FUNCS__ 1
| #define _TANDEM_SOURCE 1
| #define __EXTENSIONS__ 1
| #define HAVE_LIBM 1
| #define HAVE_LIBZ 1
| #define HAVE_LIBEXPAT 1
| #define X11_CLIENT 1
| #define REPLAY 1
| #define HAVE_ARPA_INET_H 1
| #define HAVE_ARPA_NAMESER_H 1
| #define HAVE_ASSERT_H 1
| #define HAVE_CTYPE_H 1
| #define HAVE_ERRNO_H 1
| #define HAVE_FCNTL_H 1
| #define HAVE_FLOAT_H 1
| #define HAVE_LIMITS_H 1
| #define HAVE_MATH_H 1
| #define HAVE_NET_IF_H 1
| #define HAVE_NETDB_H 1
| #define HAVE_NETINET_IN_H 1
| #define HAVE_NETINET_TCP_H 1
| #define HAVE_PWD_H 1
| #define HAVE_RESOLV_H 1
| #define HAVE_SETJMP_H 1
| #define HAVE_SIGNAL_H 1
| #define HAVE_STDARG_H 1
| #define HAVE_STDDEF_H 1
| #define HAVE_SYS_FILE_H 1
| #define HAVE_SYS_FCNTL_H 1
| /* end confdefs.h.  */
| #include <stddef.h>
| #ifdef HAVE_STDIO_H
| # include <stdio.h>
| #endif
| #ifdef HAVE_STDLIB_H
| # include <stdlib.h>
| #endif
| #ifdef HAVE_STRING_H
| # include <string.h>
| #endif
| #ifdef HAVE_INTTYPES_H
| # include <inttypes.h>
| #endif
| #ifdef HAVE_STDINT_H
| # include <stdint.h>
| #endif
| #ifdef HAVE_STRINGS_H
| # include <strings.h>
| #endif
| #ifdef HAVE_SYS_TYPES_H
| # include <sys/types.h>
| #endif
| #ifdef HAVE_SYS_STAT_H
| # include <sys/stat.h>
| #endif
| #ifdef HAVE_UNISTD_H
| # include <unistd.h>
| #endif
| #include <sys/inttypes.h>
configure:7846: result: no
configure:7852: checking for sys/ioctl.h
configure:7852: gcc -c -g -O2  conftest.c >&5
configure:7852: $? = 0
configure:7852: result: yes
configure:7858: checking for sys/lock.h
configure:7858: gcc -c -g -O2  conftest.c >&5
conftest.c:96:10: fatal error: sys/lock.h: No such file or directory
   96 | #include <sys/lock.h>
      |          ^~~~~~~~~~~~
compilation terminated.
configure:7858: $? = 1
configure: failed program was:
| /* confdefs.h */
| #define PACKAGE_NAME "XPilot NG"
| #define PACKAGE_TARNAME "xpilot-ng"
| #define PACKAGE_VERSION "4.7.3"
| #define PACKAGE_STRING "XPilot NG 4.7.3"
| #define PACKAGE_BUGREPORT "xpilot-hacks@lists.sourceforge.net"
| #define PACKAGE_URL ""
| #define PACKAGE "xpilot-ng"
| #define VERSION "4.7.3"
| #define HAVE_STDIO_H 1
| #define HAVE_STDLIB_H 1
| #define HAVE_STRING_H 1
| #define HAVE_INTTYPES_H 1
| #define HAVE_STDINT_H 1
| #define HAVE_STRINGS_H 1
| #define HAVE_SYS_STAT_H 1
| #define HAVE_SYS_TYPES_H 1
| #define HAVE_UNISTD_H 1
| #define HAVE_WCHAR_H 1
| #define HAVE_SYS_SELECT_H 1
| #define HAVE_SYS_SOCKET_H 1
| #define STDC_HEADERS 1
| #define _ALL_SOURCE 1
| #define _DARWIN_C_SOURCE 1
| #define _GNU_SOURCE 1
| #define _HPUX_ALT_XOPEN_SOCKET_API 1
| #define _NETBSD_SOURCE 1
| #define _OPENBSD_SOURCE 1
| #define _POSIX_PTHREAD_SEMANTICS 1
| #define __STDC_WANT_IEC_60559_ATTRIBS_EXT__ 1
| #define __STDC_WANT_IEC_60559_BFP_EXT__ 1
| #define __STDC_WANT_IEC_60559_DFP_EXT__ 1
| #define __STDC_WANT_IEC_60559_EXT__ 1
| #define __STDC_WANT_IEC_60559_FUNCS_EXT__ 1
| #define __STDC_WANT_IEC_60559_TYPES_EXT__ 1
| #define __STDC_WANT_LIB_EXT2__ 1
| #define __STDC_WANT_MATH_SPEC_FUNCS__ 1
| #define _TANDEM_SOURCE 1
| #define __EXTENSIONS__ 1
| #define HAVE_LIBM 1
| #define HAVE_LIBZ 1
| #define HAVE_LIBEXPAT 1
| #define X11_CLIENT 1
| #define REPLAY 1
| #define HAVE_ARPA_INET_H 1
| #define HAVE_ARPA_NAMESER_H 1
| #define HAVE_ASSERT_H 1
| #define HAVE_CTYPE_H 1
| #define HAVE_ERRNO_H 1
| #define HAVE_FCNTL_H 1
| #define HAVE_FLOAT_H 1
| #define HAVE_LIMITS_H 1
| #define HAVE_MATH_H 1
| #define HAVE_NET_IF_H 1
| #define HAVE_NETDB_H 1
| #define HAVE_NETINET_IN_H 1
| #define HAVE_NETINET_TCP_H 1
| #define HAVE_PWD_H 1
| #define HAVE_RESOLV_H 1
| #define HAVE_SETJMP_H 1
| #define HAVE_SIGNAL_H 1
| #define HAVE_STDARG_H 1
| #define HAVE_STDDEF_H 1
| #define HAVE_SYS_FILE_H 1
| #define HAVE_SYS_FCNTL_H 1
| #define HAVE_SYS_IOCTL_H 1
| /* end confdefs.h.  */
| #include <stddef.h>
| #ifdef HAVE_STDIO_H
| # include <stdio.h>
| #endif
| #ifdef HAVE_STDLIB_H
| # include <stdlib.h>
| #endif
| #ifdef HAVE_STRING_H
| # include <string.h>
| #endif
| #ifdef HAVE_INTTYPES_H
| # include <inttypes.h>
| #endif
| #ifdef HAVE_STDINT_H
| # include <stdint.h>
| #endif
| #ifdef HAVE_STRINGS_H
| # include <strings.h>
| #endif
| #ifdef HAVE_SYS_TYPES_H
| # include <sys/types.h>
| #endif
| #ifdef HAVE_SYS_STAT_H
| # include <sys/stat.h>
| #endif
| #ifdef HAVE_UNISTD_H
| # include <unistd.h>
| #endif
| #include <sys/lock.h>
configure:7858: result: no
configure:7864: checking for sys/mman.h
configure:7864: gcc -c -g -O2  conftest.c >&5
configure:7864: $? = 0
configure:7864: result: yes
configure:7870: checking for sys/param.h
configure:7870: gcc -c -g -O2  conftest.c >&5
configure:7870: $? = 0
configure:7870: result: yes
configure:7876: checking for sys/socket.h
configure:7876: result: yes
configure:7882: checking for sys/sockio.h
configure:7882: gcc -c -g -O2  conftest.c >&5
conftest.c:99:10: fatal error: sys/sockio.h: No such file or directory
   99 | #include <sys/sockio.h>
      |          ^~~~~~~~~~~~~~
compilation terminated.
configure:7882: $? = 1
configure: failed program was:
| /* confdefs.h */
| #define PACKAGE_NAME "XPilot NG"
| #define PACKAGE_TARNAME "xpilot-ng"
| #define PACKAGE_VERSION "4.7.3"
| #define PACKAGE_STRING "XPilot NG 4.7.3"
| #define PACKAGE_BUGREPORT "xpilot-hacks@lists.sourceforge.net"
| #define PACKAGE_URL ""
| #define PACKAGE "xpilot-ng"
| #define VERSION "4.7.3"
| #define HAVE_STDIO_H 1
| #define HAVE_STDLIB_H 1
| #define HAVE_STRING_H 1
| #define HAVE_INTTYPES_H 1
| #define HAVE_STDINT_H 1
| #define HAVE_STRINGS_H 1
| #define HAVE_SYS_STAT_H 1
| #define HAVE_SYS_TYPES_H 1
| #define HAVE_UNISTD_H 1
| #define HAVE_WCHAR_H 1
| #define HAVE_SYS_SELECT_H 1
| #define HAVE_SYS_SOCKET_H 1
| #define STDC_HEADERS 1
| #define _ALL_SOURCE 1
| #define _DARWIN_C_SOURCE 1
| #define _GNU_SOURCE 1
| #define _HPUX_ALT_XOPEN_SOCKET_API 1
| #define _NETBSD_SOURCE 1
| #define _OPENBSD_SOURCE 1
| #define _POSIX_PTHREAD_SEMANTICS 1
| #define __STDC_WANT_IEC_60559_ATTRIBS_EXT__ 1
| #define __STDC_WANT_IEC_60559_BFP_EXT__ 1
| #define __STDC_WANT_IEC_60559_DFP_EXT__ 1
| #define __STDC_WANT_IEC_60559_EXT__ 1
| #define __STDC_WANT_IEC_60559_FUNCS_EXT__ 1
| #define __STDC_WANT_IEC_60559_TYPES_EXT__ 1
| #define __STDC_WANT_LIB_EXT2__ 1
| #define __STDC_WANT_MATH_SPEC_FUNCS__ 1
| #define _TANDEM_SOURCE 1
| #define __EXTENSIONS__ 1
| #define HAVE_LIBM 1
| #define HAVE_LIBZ 1
| #define HAVE_LIBEXPAT 1
| #define X11_CLIENT 1
| #define REPLAY 1
| #define HAVE_ARPA_INET_H 1
| #define HAVE_ARPA_NAMESER_H 1
| #define HAVE_ASSERT_H 1
| #define HAVE_CTYPE_H 1
| #define HAVE_ERRNO_H 1
| #define HAVE_FCNTL_H 1
| #define HAVE_FLOAT_H 1
| #define HAVE_LIMITS_H 1
| #define HAVE_MATH_H 1
| #define HAVE_NET_IF_H 1
| #define HAVE_NETDB_H 1
| #define HAVE_NETINET_IN_H 1
| #define HAVE_NETINET_TCP_H 1
| #define HAVE_PWD_H 1
| #define HAVE_RESOLV_H 1
| #define HAVE_SETJMP_H 1
| #define HAVE_SIGNAL_H 1
| #define HAVE_STDARG_H 1
| #define HAVE_STDDEF_H 1
| #define HAVE_SYS_FILE_H 1
| #define HAVE_SYS_FCNTL_H 1
| #define HAVE_SYS_IOCTL_H 1
| #define HAVE_SYS_MMAN_H 1
| #define HAVE_SYS_PARAM_H 1
| #define HAVE_SYS_SOCKET_H 1
| /* end confdefs.h.  */
| #include <stddef.h>
| #ifdef HAVE_STDIO_H
| # include <stdio.h>
| #endif
| #ifdef HAVE_STDLIB_H
| # include <stdlib.h>
| #endif
| #ifdef HAVE_STRING_H
| # include <string.h>
| #endif
| #ifdef HAVE_INTTYPES_H
| # include <inttypes.h>
| #endif
| #ifdef HAVE_STDINT_H
| # include <stdint.h>
| #endif
| #ifdef HAVE_STRINGS_H
| # include <strings.h>
| #endif
| #ifdef HAVE_SYS_TYPES_H
| # include <sys/types.h>
| #endif
| #ifdef HAVE_SYS_STAT_H
| # include <sys/stat.h>
| #endif
| #ifdef HAVE_UNISTD_H
| # include <unistd.h>
| #endif
| #include <sys/sockio.h>
configure:7882: result: no
configure:7888: checking for sys/time.h
configure:7888: gcc -c -g -O2  conftest.c >&5
configure:7888: $? = 0
configure:7888: result: yes
configure:7894: checking for values.h
configure:7894: gcc -c -g -O2  conftest.c >&5
configure:7894: $? = 0
configure:7894: result: yes
configure:7900: checking for X11/X.h
configure:7900: gcc -c -g -O2  conftest.c >&5
configure:7900: $? = 0
configure:7900: result: yes
configure:7906: checking for X11/Xlib.h
configure:7906: gcc -c -g -O2  conftest.c >&5
configure:7906: $? = 0
configure:7906: result: yes
configure:7912: checking for X11/Xos.h
configure:7912: gcc -c -g -O2  conftest.c >&5
configure:7912: $? = 0
configure:7912: result: yes
configure:7918: checking for X11/Xutil.h
configure:7918: gcc -c -g -O2  conftest.c >&5
configure:7918: $? = 0
configure:7918: result: yes
configure:7924: checking for X11/keysym.h
configure:7924: gcc -c -g -O2  conftest.c >&5
configure:7924: $? = 0
configure:7924: result: yes
configure:7930: checking for X11/Xatom.h
configure:7930: gcc -c -g -O2  conftest.c >&5
configure:7930: $? = 0
configure:7930: result: yes
configure:7936: checking for X11/Xmd.h
configure:7936: gcc -c -g -O2  conftest.c >&5
configure:7936: $? = 0
configure:7936: result: yes
configure:7944: checking for an ANSI C-conforming const
configure:8011: gcc -c -g -O2  conftest.c >&5
configure:8011: $? = 0
configure:8021: result: yes
configure:8029: checking for inline
configure:8046: gcc -c -g -O2  conftest.c >&5
configure:8046: $? = 0
configure:8056: result: inline
configure:8074: checking for working volatile
configure:8094: gcc -c -g -O2  conftest.c >&5
configure:8094: $? = 0
configure:8104: result: yes
configure:8112: checking for mode_t
configure:8112: gcc -c -g -O2  conftest.c >&5
configure:8112: $? = 0
configure:8112: gcc -c -g -O2  conftest.c >&5
conftest.c: In function 'main':
conftest.c:111:21: error: expected expression before ')' token
  111 | if (sizeof ((mode_t)))
      |                     ^
configure:8112: $? = 1
configure: failed program was:
| /* confdefs.h */
| #define PACKAGE_NAME "XPilot NG"
| #define PACKAGE_TARNAME "xpilot-ng"
| #define PACKAGE_VERSION "4.7.3"
| #define PACKAGE_STRING "XPilot NG 4.7.3"
| #define PACKAGE_BUGREPORT "xpilot-hacks@lists.sourceforge.net"
| #define PACKAGE_URL ""
| #define PACKAGE "xpilot-ng"
| #define VERSION "4.7.3"
| #define HAVE_STDIO_H 1
| #define HAVE_STDLIB_H 1
| #define HAVE_STRING_H 1
| #define HAVE_INTTYPES_H 1
| #define HAVE_STDINT_H 1
| #define HAVE_STRINGS_H 1
| #define HAVE_SYS_STAT_H 1
| #define HAVE_SYS_TYPES_H 1
| #define HAVE_UNISTD_H 1
| #define HAVE_WCHAR_H 1
| #define HAVE_SYS_SELECT_H 1
| #define HAVE_SYS_SOCKET_H 1
| #define STDC_HEADERS 1
| #define _ALL_SOURCE 1
| #define _DARWIN_C_SOURCE 1
| #define _GNU_SOURCE 1
| #define _HPUX_ALT_XOPEN_SOCKET_API 1
| #define _NETBSD_SOURCE 1
| #define _OPENBSD_SOURCE 1
| #define _POSIX_PTHREAD_SEMANTICS 1
| #define __STDC_WANT_IEC_60559_ATTRIBS_EXT__ 1
| #define __STDC_WANT_IEC_60559_BFP_EXT__ 1
| #define __STDC_WANT_IEC_60559_DFP_EXT__ 1
| #define __STDC_WANT_IEC_60559_EXT__ 1
| #define __STDC_WANT_IEC_60559_FUNCS_EXT__ 1
| #define __STDC_WANT_IEC_60559_TYPES_EXT__ 1
| #define __STDC_WANT_LIB_EXT2__ 1
| #define __STDC_WANT_MATH_SPEC_FUNCS__ 1
| #define _TANDEM_SOURCE 1
| #define __EXTENSIONS__ 1
| #define HAVE_LIBM 1
| #define HAVE_LIBZ 1
| #define HAVE_LIBEXPAT 1
| #define X11_CLIENT 1
| #define REPLAY 1
| #define HAVE_ARPA_INET_H 1
| #define HAVE_ARPA_NAMESER_H 1
| #define HAVE_ASSERT_H 1
| #define HAVE_CTYPE_H 1
| #define HAVE_ERRNO_H 1
| #define HAVE_FCNTL_H 1
| #define HAVE_FLOAT_H 1
| #define HAVE_LIMITS_H 1
| #define HAVE_MATH_H 1
| #define HAVE_NET_IF_H 1
| #define HAVE_NETDB_H 1
| #define HAVE_NETINET_IN_H 1
| #define HAVE_NETINET_TCP_H 1
| #define HAVE_PWD_H 1
| #define HAVE_RESOLV_H 1
| #define HAVE_SETJMP_H 1
| #define HAVE_SIGNAL_H 1
| #define HAVE_STDARG_H 1
| #define HAVE_STDDEF_H 1
| #define HAVE_SYS_FILE_H 1
| #define HAVE_SYS_FCNTL_H 1
| #define HAVE_SYS_IOCTL_H 1
| #define HAVE_SYS_MMAN_H 1
| #define HAVE_SYS_PARAM_H 1
| #define HAVE_SYS_SOCKET_H 1
| #define HAVE_SYS_TIME_H 1
| #define HAVE_VALUES_H 1
| #define HAVE_X11_X_H 1
| #define HAVE_X11_XLIB_H 1
| #define HAVE_X11_XOS_H 1
| #define HAVE_X11_XUTIL_H 1
| #define HAVE_X11_KEYSYM_H 1
| #define HAVE_X11_XATOM_H 1
| #define HAVE_X11_XMD_H 1
| /* end confdefs.h.  */
| #include <stddef.h>
| #ifdef HAVE_STDIO_H
| # include <stdio.h>
| #endif
| #ifdef HAVE_STDLIB_H
| # include <stdlib.h>
| #endif
| #ifdef HAVE_STRING_H
| # include <string.h>
| #endif
| #ifdef HAVE_INTTYPES_H
| # include <inttypes.h>
| #endif
| #ifdef HAVE_STDINT_H
| # include <stdint.h>
| #endif
| #ifdef HAVE_STRINGS_H
| # include <strings.h>
| #endif
| #ifdef HAVE_SYS_TYPES_H
| # include <sys/types.h>
| #endif
| #ifdef HAVE_SYS_STAT_H
| # include <sys/stat.h>
| #endif
| #ifdef HAVE_UNISTD_H
| # include <unistd.h>
| #endif
| int
| main (void)
| {
| if (sizeof ((mode_t)))
| 	    return 0;
|   ;
|   return 0;
| }
configure:8112: result: yes
configure:8123: checking for size_t
configure:8123: gcc -c -g -O2  conftest.c >&5
configure:8123: $? = 0
configure:8123: gcc -c -g -O2  conftest.c >&5
conftest.c: In function 'main':
conftest.c:111:21: error: expected expression before ')' token
  111 | if (sizeof ((size_t)))
      |                     ^
configure:8123: $? = 1
configure: failed program was:
| /* confdefs.h */
| #define PACKAGE_NAME "XPilot NG"
| #define PACKAGE_TARNAME "xpilot-ng"
| #define PACKAGE_VERSION "4.7.3"
| #define PACKAGE_STRING "XPilot NG 4.7.3"
| #define PACKAGE_BUGREPORT "xpilot-hacks@lists.sourceforge.net"
| #define PACKAGE_URL ""
| #define PACKAGE "xpilot-ng"
| #define VERSION "4.7.3"
| #define HAVE_STDIO_H 1
| #define HAVE_STDLIB_H 1
| #define HAVE_STRING_H 1
| #define HAVE_INTTYPES_H 1
| #define HAVE_STDINT_H 1
| #define HAVE_STRINGS_H 1
| #define HAVE_SYS_STAT_H 1
| #define HAVE_SYS_TYPES_H 1
| #define HAVE_UNISTD_H 1
| #define HAVE_WCHAR_H 1
| #define HAVE_SYS_SELECT_H 1
| #define HAVE_SYS_SOCKET_H 1
| #define STDC_HEADERS 1
| #define _ALL_SOURCE 1
| #define _DARWIN_C_SOURCE 1
| #define _GNU_SOURCE 1
| #define _HPUX_ALT_XOPEN_SOCKET_API 1
| #define _NETBSD_SOURCE 1
| #define _OPENBSD_SOURCE 1
| #define _POSIX_PTHREAD_SEMANTICS 1
| #define __STDC_WANT_IEC_60559_ATTRIBS_EXT__ 1
| #define __STDC_WANT_IEC_60559_BFP_EXT__ 1
| #define __STDC_WANT_IEC_60559_DFP_EXT__ 1
| #define __STDC_WANT_IEC_60559_EXT__ 1
| #define __STDC_WANT_IEC_60559_FUNCS_EXT__ 1
| #define __STDC_WANT_IEC_60559_TYPES_EXT__ 1
| #define __STDC_WANT_LIB_EXT2__ 1
| #define __STDC_WANT_MATH_SPEC_FUNCS__ 1
| #define _TANDEM_SOURCE 1
| #define __EXTENSIONS__ 1
| #define HAVE_LIBM 1
| #define HAVE_LIBZ 1
| #define HAVE_LIBEXPAT 1
| #define X11_CLIENT 1
| #define REPLAY 1
| #define HAVE_ARPA_INET_H 1
| #define HAVE_ARPA_NAMESER_H 1
| #define HAVE_ASSERT_H 1
| #define HAVE_CTYPE_H 1
| #define HAVE_ERRNO_H 1
| #define HAVE_FCNTL_H 1
| #define HAVE_FLOAT_H 1
| #define HAVE_LIMITS_H 1
| #define HAVE_MATH_H 1
| #define HAVE_NET_IF_H 1
| #define HAVE_NETDB_H 1
| #define HAVE_NETINET_IN_H 1
| #define HAVE_NETINET_TCP_H 1
| #define HAVE_PWD_H 1
| #define HAVE_RESOLV_H 1
| #define HAVE_SETJMP_H 1
| #define HAVE_SIGNAL_H 1
| #define HAVE_STDARG_H 1
| #define HAVE_STDDEF_H 1
| #define HAVE_SYS_FILE_H 1
| #define HAVE_SYS_FCNTL_H 1
| #define HAVE_SYS_IOCTL_H 1
| #define HAVE_SYS_MMAN_H 1
| #define HAVE_SYS_PARAM_H 1
| #define HAVE_SYS_SOCKET_H 1
| #define HAVE_SYS_TIME_H 1
| #define HAVE_VALUES_H 1
| #define HAVE_X11_X_H 1
| #define HAVE_X11_XLIB_H 1
| #define HAVE_X11_XOS_H 1
| #define HAVE_X11_XUTIL_H 1
| #define HAVE_X11_KEYSYM_H 1
| #define HAVE_X11_XATOM_H 1
| #define HAVE_X11_XMD_H 1
| /* end confdefs.h.  */
| #include <stddef.h>
| #ifdef HAVE_STDIO_H
| # include <stdio.h>
| #endif
| #ifdef HAVE_STDLIB_H
| # include <stdlib.h>
| #endif
| #ifdef HAVE_STRING_H
| # include <string.h>
| #endif
| #ifdef HAVE_INTTYPES_H
| # include <inttypes.h>
| #endif
| #ifdef HAVE_STDINT_H
| # include <stdint.h>
| #endif
| #ifdef HAVE_STRINGS_H
| # include <strings.h>
| #endif
| #ifdef HAVE_SYS_TYPES_H
| # include <sys/types.h>
| #endif
| #ifdef HAVE_SYS_STAT_H
| # include <sys/stat.h>
| #endif
| #ifdef HAVE_UNISTD_H
| # include <unistd.h>
| #endif
| int
| main (void)
| {
| if (sizeof ((size_t)))
| 	    return 0;
|   ;
|   return 0;
| }
configure:8123: result: yes
configure:8134: checking whether struct tm is in sys/time.h or time.h
configure:8155: gcc -c -g -O2  conftest.c >&5
configure:8155: $? = 0
configure:8165: result: time.h
configure:8178: checking for socklen_t
configure:8178: gcc -c -g -O2  conftest.c >&5
configure:8178: $? = 0
configure:8178: gcc -c -g -O2  conftest.c >&5
conftest.c: In function 'main':
conftest.c:89:24: error: expected expression before ')' token
   89 | if (sizeof ((socklen_t)))
      |                        ^
configure:8178: $? = 1
configure: failed program was:
| /* confdefs.h */
| #define PACKAGE_NAME "XPilot NG"
| #define PACKAGE_TARNAME "xpilot-ng"
| #define PACKAGE_VERSION "4.7.3"
| #define PACKAGE_STRING "XPilot NG 4.7.3"
| #define PACKAGE_BUGREPORT "xpilot-hacks@lists.sourceforge.net"
| #define PACKAGE_URL ""
| #define PACKAGE "xpilot-ng"
| #define VERSION "4.7.3"
| #define HAVE_STDIO_H 1
| #define HAVE_STDLIB_H 1
| #define HAVE_STRING_H 1
| #define HAVE_INTTYPES_H 1
| #define HAVE_STDINT_H 1
| #define HAVE_STRINGS_H 1
| #define HAVE_SYS_STAT_H 1
| #define HAVE_SYS_TYPES_H 1
| #define HAVE_UNISTD_H 1
| #define HAVE_WCHAR_H 1
| #define HAVE_SYS_SELECT_H 1
| #define HAVE_SYS_SOCKET_H 1
| #define STDC_HEADERS 1
| #define _ALL_SOURCE 1
| #define _DARWIN_C_SOURCE 1
| #define _GNU_SOURCE 1
| #define _HPUX_ALT_XOPEN_SOCKET_API 1
| #define _NETBSD_SOURCE 1
| #define _OPENBSD_SOURCE 1
| #define _POSIX_PTHREAD_SEMANTICS 1
| #define __STDC_WANT_IEC_60559_ATTRIBS_EXT__ 1
| #define __STDC_WANT_IEC_60559_BFP_EXT__ 1
| #define __STDC_WANT_IEC_60559_DFP_EXT__ 1
| #define __STDC_WANT_IEC_60559_EXT__ 1
| #define __STDC_WANT_IEC_60559_FUNCS_EXT__ 1
| #define __STDC_WANT_IEC_60559_TYPES_EXT__ 1
| #define __STDC_WANT_LIB_EXT2__ 1
| #define __STDC_WANT_MATH_SPEC_FUNCS__ 1
| #define _TANDEM_SOURCE 1
| #define __EXTENSIONS__ 1
| #define HAVE_LIBM 1
| #define HAVE_LIBZ 1
| #define HAVE_LIBEXPAT 1
| #define X11_CLIENT 1
| #define REPLAY 1
| #define HAVE_ARPA_INET_H 1
| #define HAVE_ARPA_NAMESER_H 1
| #define HAVE_ASSERT_H 1
| #define HAVE_CTYPE_H 1
| #define HAVE_ERRNO_H 1
| #define HAVE_FCNTL_H 1
| #define HAVE_FLOAT_H 1
| #define HAVE_LIMITS_H 1
| #define HAVE_MATH_H 1
| #define HAVE_NET_IF_H 1
| #define HAVE_NETDB_H 1
| #define HAVE_NETINET_IN_H 1
| #define HAVE_NETINET_TCP_H 1
| #define HAVE_PWD_H 1
| #define HAVE_RESOLV_H 1
| #define HAVE_SETJMP_H 1
| #define HAVE_SIGNAL_H 1
| #define HAVE_STDARG_H 1
| #define HAVE_STDDEF_H 1
| #define HAVE_SYS_FILE_H 1
| #define HAVE_SYS_FCNTL_H 1
| #define HAVE_SYS_IOCTL_H 1
| #define HAVE_SYS_MMAN_H 1
| #define HAVE_SYS_PARAM_H 1
| #define HAVE_SYS_SOCKET_H 1
| #define HAVE_SYS_TIME_H 1
| #define HAVE_VALUES_H 1
| #define HAVE_X11_X_H 1
| #define HAVE_X11_XLIB_H 1
| #define HAVE_X11_XOS_H 1
| #define HAVE_X11_XUTIL_H 1
| #define HAVE_X11_KEYSYM_H 1
| #define HAVE_X11_XATOM_H 1
| #define HAVE_X11_XMD_H 1
| #define RETSIGTYPE void
| /* end confdefs.h.  */
| 
| #include <sys/types.h>
| #include <sys/socket.h>
| 
| 
| int
| main (void)
| {
| if (sizeof ((socklen_t)))
| 	    return 0;
|   ;
|   return 0;
| }
configure:8178: result: yes
configure:8192: checking for working memcmp
configure:8237: gcc -o conftest -g -O2   conftest.c -lexpat -lz -lm  >&5
configure:8237: $? = 0
configure:8237: ./conftest
configure:8237: $? = 0
configure:8251: result: yes
configure:8263: checking types of arguments for select
configure:8293: gcc -c -g -O2  conftest.c >&5
configure:8293: $? = 0
configure:8304: result: int,fd_set *,struct timeval *
configure:8321: checking whether lstat correctly handles trailing slash
configure:8354: gcc -o conftest -g -O2   conftest.c -lexpat -lz -lm  >&5
configure:8354: $? = 0
configure:8354: ./conftest
configure:8354: $? = 0
configure:8375: result: yes
configure:8392: checking whether stat accepts an empty string
configure:8414: gcc -o conftest -g -O2   conftest.c -lexpat -lz -lm  >&5
configure:8414: $? = 0
configure:8414: ./conftest
configure:8414: $? = 0
configure:8428: result: no
configure:8445: checking for strftime
configure:8445: gcc -o conftest -g -O2   conftest.c -lexpat -lz -lm  >&5
conftest.c:102:6: warning: conflicting types for built-in function 'strftime'; expected 'long unsigned int(char *, long unsigned int,  const char *, const void *)' [-Wbuiltin-declaration-mismatch]
  102 | char strftime (void);
      |      ^~~~~~~~
conftest.c:94:1: note: 'strftime' is declared in header '<time.h>'
   93 | #include <limits.h>
   94 | #undef strftime
configure:8445: $? = 0
configure:8445: result: yes
configure:8506: checking for working strtod
configure:8546: gcc -o conftest -g -O2   conftest.c -lexpat -lz -lm  >&5
configure:8546: $? = 0
configure:8546: ./conftest
configure:8546: $? = 0
configure:8560: result: yes
configure:8636: checking for vprintf
configure:8636: gcc -o conftest -g -O2   conftest.c -lexpat -lz -lm  >&5
conftest.c:103:6: warning: conflicting types for built-in function 'vprintf'; expected 'int(const char *, __va_list_tag *)' [-Wbuiltin-declaration-mismatch]
  103 | char vprintf (void);
      |      ^~~~~~~
conftest.c:95:1: note: 'vprintf' is declared in header '<stdio.h>'
   94 | #include <limits.h>
   95 | #undef vprintf
configure:8636: $? = 0
configure:8636: result: yes
configure:8658: checking for alarm
configure:8658: gcc -o conftest -g -O2   conftest.c -lexpat -lz -lm  >&5
configure:8658: $? = 0
configure:8658: result: yes
configure:8664: checking for floor
configure:8664: gcc -o conftest -g -O2   conftest.c -lexpat -lz -lm  >&5
conftest.c:105:6: warning: conflicting types for built-in function 'floor'; expected 'double(double)' [-Wbuiltin-declaration-mismatch]
  105 | char floor (void);
      |      ^~~~~
conftest.c:97:1: note: 'floor' is declared in header '<math.h>'
   96 | #include <limits.h>
   97 | #undef floor
configure:8664: $? = 0
configure:8664: result: yes
configure:8670: checking for gethostbyaddr
configure:8670: gcc -o conftest -g -O2   conftest.c -lexpat -lz -lm  >&5
configure:8670: $? = 0
configure:8670: result: yes
configure:8676: checking for gethostbyname
configure:8676: result: yes
configure:8682: checking for gethostname
configure:8682: gcc -o conftest -g -O2   conftest.c -lexpat -lz -lm  >&5
configure:8682: $? = 0
configure:8682: result: yes
configure:8688: checking for gettimeofday
configure:8688: gcc -o conftest -g -O2   conftest.c -lexpat -lz -lm  >&5
configure:8688: $? = 0
configure:8688: result: yes
configure:8694: checking for inet_ntoa
configure:8694: gcc -o conftest -g -O2   conftest.c -lexpat -lz -lm  >&5
configure:8694: $? = 0
configure:8694: result: yes
configure:8700: checking for isascii
configure:8700: gcc -o conftest -g -O2   conftest.c -lexpat -lz -lm  >&5
conftest.c:111:6: warning: conflicting types for built-in function 'isascii'; expected 'int(int)' [-Wbuiltin-declaration-mismatch]
  111 | char isascii (void);
      |      ^~~~~~~
configure:8700: $? = 0
configure:8700: result: yes
configure:8706: checking for memchr
configure:8706: gcc -o conftest -g -O2   conftest.c -lexpat -lz -lm  >&5
conftest.c:112:6: warning: conflicting types for built-in function 'memchr'; expected 'void *(const void *, int,  long unsigned int)' [-Wbuiltin-declaration-mismatch]
  112 | char memchr (void);
      |      ^~~~~~
conftest.c:104:1: note: 'memchr' is declared in header '<string.h>'
  103 | #include <limits.h>
  104 | #undef memchr
configure:8706: $? = 0
configure:8706: result: yes
configure:8712: checking for memmove
configure:8712: gcc -o conftest -g -O2   conftest.c -lexpat -lz -lm  >&5
conftest.c:113:6: warning: conflicting types for built-in function 'memmove'; expected 'void *(void *, const void *, long unsigned int)' [-Wbuiltin-declaration-mismatch]
  113 | char memmove (void);
      |      ^~~~~~~
conftest.c:105:1: note: 'memmove' is declared in header '<string.h>'
  104 | #include <limits.h>
  105 | #undef memmove
configure:8712: $? = 0
configure:8712: result: yes
configure:8718: checking for memset
configure:8718: gcc -o conftest -g -O2   conftest.c -lexpat -lz -lm  >&5
conftest.c:114:6: warning: conflicting types for built-in function 'memset'; expected 'void *(void *, int,  long unsigned int)' [-Wbuiltin-declaration-mismatch]
  114 | char memset (void);
      |      ^~~~~~
conftest.c:106:1: note: 'memset' is declared in header '<string.h>'
  105 | #include <limits.h>
  106 | #undef memset
configure:8718: $? = 0
configure:8718: result: yes
configure:8724: checking for mkdir
configure:8724: gcc -o conftest -g -O2   conftest.c -lexpat -lz -lm  >&5
configure:8724: $? = 0
configure:8724: result: yes
configure:8730: checking for pow
configure:8730: gcc -o conftest -g -O2   conftest.c -lexpat -lz -lm  >&5
conftest.c:116:6: warning: conflicting types for built-in function 'pow'; expected 'double(double,  double)' [-Wbuiltin-declaration-mismatch]
  116 | char pow (void);
      |      ^~~
conftest.c:108:1: note: 'pow' is declared in header '<math.h>'
  107 | #include <limits.h>
  108 | #undef pow
configure:8730: $? = 0
configure:8730: result: yes
configure:8736: checking for rint
configure:8736: gcc -o conftest -g -O2   conftest.c -lexpat -lz -lm  >&5
conftest.c:117:6: warning: conflicting types for built-in function 'rint'; expected 'double(double)' [-Wbuiltin-declaration-mismatch]
  117 | char rint (void);
      |      ^~~~
conftest.c:109:1: note: 'rint' is declared in header '<math.h>'
  108 | #include <limits.h>
  109 | #undef rint
configure:8736: $? = 0
configure:8736: result: yes
configure:8742: checking for select
configure:8742: gcc -o conftest -g -O2   conftest.c -lexpat -lz -lm  >&5
configure:8742: $? = 0
configure:8742: result: yes
configure:8748: checking for socket
configure:8748: gcc -o conftest -g -O2   conftest.c -lexpat -lz -lm  >&5
configure:8748: $? = 0
configure:8748: result: yes
configure:8754: checking for sqrt
configure:8754: gcc -o conftest -g -O2   conftest.c -lexpat -lz -lm  >&5
conftest.c:120:6: warning: conflicting types for built-in function 'sqrt'; expected 'double(double)' [-Wbuiltin-declaration-mismatch]
  120 | char sqrt (void);
      |      ^~~~
conftest.c:112:1: note: 'sqrt' is declared in header '<math.h>'
  111 | #include <limits.h>
  112 | #undef sqrt
configure:8754: $? = 0
configure:8754: result: yes
configure:8760: checking for strcasecmp
configure:8760: gcc -o conftest -g -O2   conftest.c -lexpat -lz -lm  >&5
conftest.c:121:6: warning: conflicting types for built-in function 'strcasecmp'; expected 'int(const char *, const char *)' [-Wbuiltin-declaration-mismatch]
  121 | char strcasecmp (void);
      |      ^~~~~~~~~~
configure:8760: $? = 0
configure:8760: result: yes
configure:8766: checking for strchr
configure:8766: gcc -o conftest -g -O2   conftest.c -lexpat -lz -lm  >&5
conftest.c:122:6: warning: conflicting types for built-in function 'strchr'; expected 'char *(const char *, int)' [-Wbuiltin-declaration-mismatch]
  122 | char strchr (void);
      |      ^~~~~~
conftest.c:114:1: note: 'strchr' is declared in header '<string.h>'
  113 | #include <limits.h>
  114 | #undef strchr
configure:8766: $? = 0
configure:8766: result: yes
configure:8772: checking for strdup
configure:8772: gcc -o conftest -g -O2   conftest.c -lexpat -lz -lm  >&5
conftest.c:123:6: warning: conflicting types for built-in function 'strdup'; expected 'char *(const char *)' [-Wbuiltin-declaration-mismatch]
  123 | char strdup (void);
      |      ^~~~~~
configure:8772: $? = 0
configure:8772: result: yes
configure:8778: checking for strerror
configure:8778: gcc -o conftest -g -O2   conftest.c -lexpat -lz -lm  >&5
configure:8778: $? = 0
configure:8778: result: yes
configure:8784: checking for strlcat
configure:8784: gcc -o conftest -g -O2   conftest.c -lexpat -lz -lm  >&5
configure:8784: $? = 0
configure:8784: result: yes
configure:8790: checking for strlcpy
configure:8790: gcc -o conftest -g -O2   conftest.c -lexpat -lz -lm  >&5
configure:8790: $? = 0
configure:8790: result: yes
configure:8796: checking for strncasecmp
configure:8796: gcc -o conftest -g -O2   conftest.c -lexpat -lz -lm  >&5
conftest.c:127:6: warning: conflicting types for built-in function 'strncasecmp'; expected 'int(const char *, const char *, long unsigned int)' [-Wbuiltin-declaration-mismatch]
  127 | char strncasecmp (void);
      |      ^~~~~~~~~~~
configure:8796: $? = 0
configure:8796: result: yes
configure:8802: checking for strpbrk
configure:8802: gcc -o conftest -g -O2   conftest.c -lexpat -lz -lm  >&5
conftest.c:128:6: warning: conflicting types for built-in function 'strpbrk'; expected 'char *(const char *, const char *)' [-Wbuiltin-declaration-mismatch]
  128 | char strpbrk (void);
      |      ^~~~~~~
conftest.c:120:1: note: 'strpbrk' is declared in header '<string.h>'
  119 | #include <limits.h>
  120 | #undef strpbrk
configure:8802: $? = 0
configure:8802: result: yes
configure:8808: checking for strrchr
configure:8808: gcc -o conftest -g -O2   conftest.c -lexpat -lz -lm  >&5
conftest.c:129:6: warning: conflicting types for built-in function 'strrchr'; expected 'char *(const char *, int)' [-Wbuiltin-declaration-mismatch]
  129 | char strrchr (void);
      |      ^~~~~~~
conftest.c:121:1: note: 'strrchr' is declared in header '<string.h>'
  120 | #include <limits.h>
  121 | #undef strrchr
configure:8808: $? = 0
configure:8808: result: yes
configure:8814: checking for strspn
configure:8814: gcc -o conftest -g -O2   conftest.c -lexpat -lz -lm  >&5
conftest.c:130:6: warning: conflicting types for built-in function 'strspn'; expected 'long unsigned int(const char *, const char *)' [-Wbuiltin-declaration-mismatch]
  130 | char strspn (void);
      |      ^~~~~~
conftest.c:122:1: note: 'strspn' is declared in header '<string.h>'
  121 | #include <limits.h>
  122 | #undef strspn
configure:8814: $? = 0
configure:8814: result: yes
configure:8820: checking for strstr
configure:8820: gcc -o conftest -g -O2   conftest.c -lexpat -lz -lm  >&5
conftest.c:131:6: warning: conflicting types for built-in function 'strstr'; expected 'char *(const char *, const char *)' [-Wbuiltin-declaration-mismatch]
  131 | char strstr (void);
      |      ^~~~~~
conftest.c:123:1: note: 'strstr' is declared in header '<string.h>'
  122 | #include <limits.h>
  123 | #undef strstr
configure:8820: $? = 0
configure:8820: result: yes
configure:8826: checking for strtol
configure:8826: gcc -o conftest -g -O2   conftest.c -lexpat -lz -lm  >&5
configure:8826: $? = 0
configure:8826: result: yes
configure:8832: checking for strtoul
configure:8832: gcc -o conftest -g -O2   conftest.c -lexpat -lz -lm  >&5
configure:8832: $? = 0
configure:8832: result: yes
configure:8944: checking that generated files are newer than configure
configure:8950: result: done
configure:9025: creating ./config.status

## ---------------------- ##
## Running config.status. ##
## ---------------------- ##

This file was extended by XPilot NG config.status 4.7.3, which was
generated by GNU Autoconf 2.72.  Invocation command line was

  CONFIG_FILES    = 
  CONFIG_HEADERS  = 
  CONFIG_LINKS    = 
  CONFIG_COMMANDS = 
  $ ./config.status 

on thinkpad-debian

config.status:1023: creating Makefile
config.status:1023: creating README
config.status:1023: creating contrib/Makefile
config.status:1023: creating contrib/xpngcc/Makefile
config.status:1023: creating doc/Makefile
config.status:1023: creating doc/man/Makefile
config.status:1023: creating lib/Makefile
config.status:1023: creating lib/fonts/Makefile
config.status:1023: creating lib/maps/Makefile
config.status:1023: creating lib/textures/Makefile
config.status:1023: creating lib/sound/Makefile
config.status:1023: creating src/Makefile
config.status:1023: creating src/common/Makefile
config.status:1023: creating src/common/version.h
config.status:1023: creating src/common/NT/Makefile
config.status:1023: creating src/common/NT/bindist/Makefile
config.status:1023: creating src/client/Makefile
config.status:1023: creating src/client/items/Makefile
config.status:1023: creating src/client/sdl/Makefile
config.status:1023: creating src/client/x11/Makefile
config.status:1023: creating src/client/NT/Makefile
config.status:1023: creating src/client/NT/res/Makefile
config.status:1023: creating src/server/Makefile
config.status:1023: creating src/replay/Makefile
config.status:1023: creating src/replay/tools/Makefile
config.status:1023: creating src/mapedit/Makefile
config.status:1023: creating config.h
config.status:1252: executing depfiles commands
config.status:1329: cd src/common       && sed -e '/# am--include-marker/d' Makefile         | make -f - am--depfiles
make: Nothing to be done for 'am--depfiles'.
config.status:1334: $? = 0
config.status:1329: cd src/client       && sed -e '/# am--include-marker/d' Makefile         | make -f - am--depfiles
make: Nothing to be done for 'am--depfiles'.
config.status:1334: $? = 0
config.status:1329: cd src/client/sdl       && sed -e '/# am--include-marker/d' Makefile         | make -f - am--depfiles
make: Nothing to be done for 'am--depfiles'.
config.status:1334: $? = 0
config.status:1329: cd src/client/x11       && sed -e '/# am--include-marker/d' Makefile         | make -f - am--depfiles
make: Nothing to be done for 'am--depfiles'.
config.status:1334: $? = 0
config.status:1329: cd src/server       && sed -e '/# am--include-marker/d' Makefile         | make -f - am--depfiles
make: Nothing to be done for 'am--depfiles'.
config.status:1334: $? = 0
config.status:1329: cd src/replay       && sed -e '/# am--include-marker/d' Makefile         | make -f - am--depfiles
make: Nothing to be done for 'am--depfiles'.
config.status:1334: $? = 0
config.status:1329: cd src/mapedit       && sed -e '/# am--include-marker/d' Makefile         | make -f - am--depfiles
make: Nothing to be done for 'am--depfiles'.
config.status:1334: $? = 0

## ---------------- ##
## Cache variables. ##
## ---------------- ##

ac_cv_build=x86_64-unknown-linux-gnu
ac_cv_c_compiler_gnu=yes
ac_cv_c_const=yes
ac_cv_c_inline=inline
ac_cv_c_volatile=yes
ac_cv_env_CC_set=
ac_cv_env_CC_value=
ac_cv_env_CFLAGS_set=
ac_cv_env_CFLAGS_value=
ac_cv_env_CPPFLAGS_set=
ac_cv_env_CPPFLAGS_value=
ac_cv_env_CPP_set=
ac_cv_env_CPP_value=
ac_cv_env_LDFLAGS_set=
ac_cv_env_LDFLAGS_value=
ac_cv_env_LIBS_set=
ac_cv_env_LIBS_value=
ac_cv_env_XMKMF_set=
ac_cv_env_XMKMF_value=
ac_cv_env_build_alias_set=
ac_cv_env_build_alias_value=
ac_cv_env_host_alias_set=
ac_cv_env_host_alias_value=
ac_cv_env_target_alias_set=
ac_cv_env_target_alias_value=
ac_cv_func_alarm=yes
ac_cv_func_connect=yes
ac_cv_func_floor=yes
ac_cv_func_gethostbyaddr=yes
ac_cv_func_gethostbyname=yes
ac_cv_func_gethostname=yes
ac_cv_func_gettimeofday=yes
ac_cv_func_inet_ntoa=yes
ac_cv_func_isascii=yes
ac_cv_func_lstat_dereferences_slashed_symlink=yes
ac_cv_func_memchr=yes
ac_cv_func_memcmp_working=yes
ac_cv_func_memmove=yes
ac_cv_func_memset=yes
ac_cv_func_mkdir=yes
ac_cv_func_pow=yes
ac_cv_func_remove=yes
ac_cv_func_rint=yes
ac_cv_func_select=yes
ac_cv_func_select_args='int,fd_set *,struct timeval *'
ac_cv_func_shmat=yes
ac_cv_func_socket=yes
ac_cv_func_sqrt=yes
ac_cv_func_stat_empty_string_bug=no
ac_cv_func_strcasecmp=yes
ac_cv_func_strchr=yes
ac_cv_func_strdup=yes
ac_cv_func_strerror=yes
ac_cv_func_strftime=yes
ac_cv_func_strlcat=yes
ac_cv_func_strlcpy=yes
ac_cv_func_strncasecmp=yes
ac_cv_func_strpbrk=yes
ac_cv_func_strrchr=yes
ac_cv_func_strspn=yes
ac_cv_func_strstr=yes
ac_cv_func_strtod=yes
ac_cv_func_strtol=yes
ac_cv_func_strtoul=yes
ac_cv_func_vprintf=yes
ac_cv_have_x='have_x=yes	ac_x_includes='\'''\''	ac_x_libraries='\'''\'''
ac_cv_header_X11_X_h=yes
ac_cv_header_X11_Xatom_h=yes
ac_cv_header_X11_Xlib_h=yes
ac_cv_header_X11_Xmd_h=yes
ac_cv_header_X11_Xos_h=yes
ac_cv_header_X11_Xutil_h=yes
ac_cv_header_X11_keysym_h=yes
ac_cv_header_arpa_inet_h=yes
ac_cv_header_arpa_nameser_h=yes
ac_cv_header_assert_h=yes
ac_cv_header_bstring_h=no
ac_cv_header_ctype_h=yes
ac_cv_header_errno_h=yes
ac_cv_header_fcntl_h=yes
ac_cv_header_float_h=yes
ac_cv_header_inttypes_h=yes
ac_cv_header_limits_h=yes
ac_cv_header_math_h=yes
ac_cv_header_minix_config_h=no
ac_cv_header_net_if_h=yes
ac_cv_header_netdb_h=yes
ac_cv_header_netinet_in_h=yes
ac_cv_header_netinet_tcp_h=yes
ac_cv_header_pwd_h=yes
ac_cv_header_resolv_h=yes
ac_cv_header_setjmp_h=yes
ac_cv_header_signal_h=yes
ac_cv_header_stdarg_h=yes
ac_cv_header_stddef_h=yes
ac_cv_header_stdint_h=yes
ac_cv_header_stdio_h=yes
ac_cv_header_stdlib_h=yes
ac_cv_header_string_h=yes
ac_cv_header_strings_h=yes
ac_cv_header_sys_fcntl_h=yes
ac_cv_header_sys_file_h=yes
ac_cv_header_sys_filio_h=no
ac_cv_header_sys_inttypes_h=no
ac_cv_header_sys_ioctl_h=yes
ac_cv_header_sys_lock_h=no
ac_cv_header_sys_mman_h=yes
ac_cv_header_sys_param_h=yes
ac_cv_header_sys_select_h=yes
ac_cv_header_sys_socket_h=yes
ac_cv_header_sys_sockio_h=no
ac_cv_header_sys_stat_h=yes
ac_cv_header_sys_time_h=yes
ac_cv_header_sys_types_h=yes
ac_cv_header_unistd_h=yes
ac_cv_header_values_h=yes
ac_cv_header_wchar_h=yes
ac_cv_host=x86_64-unknown-linux-gnu
ac_cv_lib_ICE_IceConnectionNumber=yes
ac_cv_lib_expat_XML_ParserCreate=yes
ac_cv_lib_m_cos=yes
ac_cv_lib_z_gzopen=yes
ac_cv_objext=o
ac_cv_path_install='/usr/bin/install -c'
ac_cv_path_mkdir=/usr/bin/mkdir
ac_cv_prog_AWK=mawk
ac_cv_prog_CPP='gcc -E'
ac_cv_prog_ac_ct_CC=gcc
ac_cv_prog_ac_ct_RANLIB=ranlib
ac_cv_prog_cc_c11=
ac_cv_prog_cc_g=yes
ac_cv_prog_cc_stdc=
ac_cv_prog_make_make_set=yes
ac_cv_safe_to_define___extensions__=yes
ac_cv_should_define__xopen_source=no
ac_cv_struct_tm=time.h
ac_cv_target=x86_64-unknown-linux-gnu
ac_cv_type_mode_t=yes
ac_cv_type_size_t=yes
ac_cv_type_socklen_t=yes
am_cv_CC_dependencies_compiler_type=gcc3
am_cv_filesystem_timestamp_resolution=0.01
am_cv_make_support_nested_variables=yes
am_cv_prog_cc_c_o=yes
am_cv_sleep_fractional_seconds=yes
am_cv_xargs_n_works=yes

## ----------------- ##
## Output variables. ##
## ----------------- ##

ACLOCAL='aclocal-1.17'
AMDEPBACKSLASH='\'
AMDEP_FALSE='#'
AMDEP_TRUE=''
AMTAR='$${TAR-tar}'
AM_BACKSLASH='\'
AM_DEFAULT_V='$(AM_DEFAULT_VERBOSITY)'
AM_DEFAULT_VERBOSITY='1'
AM_V='$(V)'
AUTOCONF='autoconf'
AUTOHEADER='autoheader'
AUTOMAKE='automake-1.17'
AWK='mawk'
CC='gcc'
CCDEPMODE='depmode=gcc3'
CFLAGS='-g -O2'
COND_CLIENT_FALSE='#'
COND_CLIENT_TRUE=''
COND_REPLAY_FALSE='#'
COND_REPLAY_TRUE=''
COND_SDL_CLIENT_FALSE=''
COND_SDL_CLIENT_TRUE='#'
COND_SDL_GAMELOOP_FALSE=''
COND_SDL_GAMELOOP_TRUE='#'
COND_SOUND_FALSE=''
COND_SOUND_TRUE='#'
COND_WINDOWS_FALSE=''
COND_WINDOWS_TRUE='#'
COND_X11_CLIENT_FALSE='#'
COND_X11_CLIENT_TRUE=''
COND_XP_MAPEDIT_FALSE=''
COND_XP_MAPEDIT_TRUE='#'
CPP='gcc -E'
CPPFLAGS=''
CSCOPE='cscope'
CTAGS='ctags'
CYGPATH_W='echo'
DEFS='-DHAVE_CONFIG_H'
DEPDIR='.deps'
ECHO_C=''
ECHO_N='-n'
ECHO_T=''
ETAGS='etags'
EXEEXT=''
INSTALL_DATA='${INSTALL} -m 644'
INSTALL_PROGRAM='${INSTALL}'
INSTALL_SCRIPT='${INSTALL}'
INSTALL_STRIP_PROGRAM='$(install_sh) -c -s'
LDFLAGS=''
LIBOBJS=''
LIBS='-lexpat -lz -lm '
LTLIBOBJS=''
MAINT='#'
MAINTAINER_MODE_FALSE=''
MAINTAINER_MODE_TRUE='#'
MAKEINFO='makeinfo'
MATHLIB='-lm'
MKDIR_P='/usr/bin/mkdir -p'
OBJEXT='o'
PACKAGE='xpilot-ng'
PACKAGE_BUGREPORT='xpilot-hacks@lists.sourceforge.net'
PACKAGE_NAME='XPilot NG'
PACKAGE_STRING='XPilot NG 4.7.3'
PACKAGE_TARNAME='xpilot-ng'
PACKAGE_URL=''
PACKAGE_VERSION='4.7.3'
PATH_SEPARATOR=':'
POW_LIB=''
RANLIB='ranlib'
SET_MAKE=''
SHELL='/bin/bash'
SOUND_LIBS=''
STRIP=''
SYS_GL_LIBS='-L/usr/X11R6/lib -lGL -lGLU'
VERSION='4.7.3'
W32_LIBS=''
XMKMF=''
XP_AUTHORS='Bjrn Stabell, Ken Ronny Schouten, Bert Gijsbers, Dick Balaska, Uoti Urpala, Juha Lindstrm, Kristian Sderblom and Erik Andersson'
XP_COPYRIGHT='Copyright  1991-2005 by Bjrn Stabell, Ken Ronny Schouten, Bert Gijsbers, Dick Balaska, Uoti Urpala, Juha Lindstrm, Kristian Sderblom and Erik Andersson'
XP_COPYRIGHTDATE='1991-2005'
XP_DATADIR='NONE/share/xpilot-ng'
XP_RELEASEDATE='Sep 16, 2005'
X_CFLAGS=''
X_EXTENSIONS_LIB=''
X_EXTRA_LIBS=''
X_LIBS=''
X_PRE_LIBS=' -lSM -lICE'
ac_ct_CC='gcc'
am__EXEEXT_FALSE=''
am__EXEEXT_TRUE='#'
am__fastdepCC_FALSE='#'
am__fastdepCC_TRUE=''
am__include='include'
am__isrc=''
am__leading_dot='.'
am__nodep='_no'
am__quote=''
am__rm_f_notfound=''
am__tar='$${TAR-tar} chof - "$$tardir"'
am__untar='$${TAR-tar} xf -'
am__xargs_n='xargs -n'
bindir='${exec_prefix}/bin'
build='x86_64-unknown-linux-gnu'
build_alias=''
build_cpu='x86_64'
build_os='linux-gnu'
build_vendor='unknown'
datadir='${datarootdir}'
datarootdir='${prefix}/share'
docdir='${datarootdir}/doc/${PACKAGE_TARNAME}'
dvidir='${docdir}'
exec_prefix='${prefix}'
host='x86_64-unknown-linux-gnu'
host_alias=''
host_cpu='x86_64'
host_os='linux-gnu'
host_vendor='unknown'
htmldir='${docdir}'
includedir='${prefix}/include'
infodir='${datarootdir}/info'
install_sh='${SHELL} /home/kps/src/xpilot-ng/config/install-sh'
libdir='${exec_prefix}/lib'
libexecdir='${exec_prefix}/libexec'
localedir='${datarootdir}/locale'
localstatedir='${prefix}/var'
mandir='${datarootdir}/man'
mkdir_p='$(MKDIR_P)'
oldincludedir='/usr/include'
pdfdir='${docdir}'
prefix='/usr/local'
program_transform_name='s,x,x,'
psdir='${docdir}'
runstatedir='${localstatedir}/run'
sbindir='${exec_prefix}/sbin'
sharedstatedir='${prefix}/com'
sysconfdir='${prefix}/etc'
target='x86_64-unknown-linux-gnu'
target_alias=''
target_cpu='x86_64'
target_os='linux-gnu'
target_vendor='unknown'

## ----------- ##
## confdefs.h. ##
## ----------- ##

/* confdefs.h */
#define PACKAGE_NAME "XPilot NG"
#define PACKAGE_TARNAME "xpilot-ng"
#define PACKAGE_VERSION "4.7.3"
#define PACKAGE_STRING "XPilot NG 4.7.3"
#define PACKAGE_BUGREPORT "xpilot-hacks@lists.sourceforge.net"
#define PACKAGE_URL ""
#define PACKAGE "xpilot-ng"
#define VERSION "4.7.3"
#define HAVE_STDIO_H 1
#define HAVE_STDLIB_H 1
#define HAVE_STRING_H 1
#define HAVE_INTTYPES_H 1
#define HAVE_STDINT_H 1
#define HAVE_STRINGS_H 1
#define HAVE_SYS_STAT_H 1
#define HAVE_SYS_TYPES_H 1
#define HAVE_UNISTD_H 1
#define HAVE_WCHAR_H 1
#define HAVE_SYS_SELECT_H 1
#define HAVE_SYS_SOCKET_H 1
#define STDC_HEADERS 1
#define _ALL_SOURCE 1
#define _DARWIN_C_SOURCE 1
#define _GNU_SOURCE 1
#define _HPUX_ALT_XOPEN_SOCKET_API 1
#define _NETBSD_SOURCE 1
#define _OPENBSD_SOURCE 1
#define _POSIX_PTHREAD_SEMANTICS 1
#define __STDC_WANT_IEC_60559_ATTRIBS_EXT__ 1
#define __STDC_WANT_IEC_60559_BFP_EXT__ 1
#define __STDC_WANT_IEC_60559_DFP_EXT__ 1
#define __STDC_WANT_IEC_60559_EXT__ 1
#define __STDC_WANT_IEC_60559_FUNCS_EXT__ 1
#define __STDC_WANT_IEC_60559_TYPES_EXT__ 1
#define __STDC_WANT_LIB_EXT2__ 1
#define __STDC_WANT_MATH_SPEC_FUNCS__ 1
#define _TANDEM_SOURCE 1
#define __EXTENSIONS__ 1
#define HAVE_LIBM 1
#define HAVE_LIBZ 1
#define HAVE_LIBEXPAT 1
#define X11_CLIENT 1
#define REPLAY 1
#define HAVE_ARPA_INET_H 1
#define HAVE_ARPA_NAMESER_H 1
#define HAVE_ASSERT_H 1
#define HAVE_CTYPE_H 1
#define HAVE_ERRNO_H 1
#define HAVE_FCNTL_H 1
#define HAVE_FLOAT_H 1
#define HAVE_LIMITS_H 1
#define HAVE_MATH_H 1
#define HAVE_NET_IF_H 1
#define HAVE_NETDB_H 1
#define HAVE_NETINET_IN_H 1
#define HAVE_NETINET_TCP_H 1
#define HAVE_PWD_H 1
#define HAVE_RESOLV_H 1
#define HAVE_SETJMP_H 1
#define HAVE_SIGNAL_H 1
#define HAVE_STDARG_H 1
#define HAVE_STDDEF_H 1
#define HAVE_SYS_FILE_H 1
#define HAVE_SYS_FCNTL_H 1
#define HAVE_SYS_IOCTL_H 1
#define HAVE_SYS_MMAN_H 1
#define HAVE_SYS_PARAM_H 1
#define HAVE_SYS_SOCKET_H 1
#define HAVE_SYS_TIME_H 1
#define HAVE_VALUES_H 1
#define HAVE_X11_X_H 1
#define HAVE_X11_XLIB_H 1
#define HAVE_X11_XOS_H 1
#define HAVE_X11_XUTIL_H 1
#define HAVE_X11_KEYSYM_H 1
#define HAVE_X11_XATOM_H 1
#define HAVE_X11_XMD_H 1
#define RETSIGTYPE void
#define HAVE_SOCKLEN_T 1
#define SELECT_TYPE_ARG1 int
#define SELECT_TYPE_ARG234 (fd_set *)
#define SELECT_TYPE_ARG5 (struct timeval *)
#define LSTAT_FOLLOWS_SLASHED_SYMLINK 1
#define HAVE_STRFTIME 1
#define HAVE_VPRINTF 1
#define HAVE_ALARM 1
#define HAVE_FLOOR 1
#define HAVE_GETHOSTBYADDR 1
#define HAVE_GETHOSTBYNAME 1
#define HAVE_GETHOSTNAME 1
#define HAVE_GETTIMEOFDAY 1
#define HAVE_INET_NTOA 1
#define HAVE_ISASCII 1
#define HAVE_MEMCHR 1
#define HAVE_MEMMOVE 1
#define HAVE_MEMSET 1
#define HAVE_MKDIR 1
#define HAVE_POW 1
#define HAVE_RINT 1
#define HAVE_SELECT 1
#define HAVE_SOCKET 1
#define HAVE_SQRT 1
#define HAVE_STRCASECMP 1
#define HAVE_STRCHR 1
#define HAVE_STRDUP 1
#define HAVE_STRERROR 1
#define HAVE_STRLCAT 1
#define HAVE_STRLCPY 1
#define HAVE_STRNCASECMP 1
#define HAVE_STRPBRK 1
#define HAVE_STRRCHR 1
#define HAVE_STRSPN 1
#define HAVE_STRSTR 1
#define HAVE_STRTOL 1
#define HAVE_STRTOUL 1

configure: exit 0
